


ARM Macro Assembler    Page 1 


    1 00000000                 AREA             appcode, CODE, READONLY
    2 00000000                 EXPORT           __main
    3 00000000                 ENTRY
    4 00000000         __main  FUNCTION
    5 00000000 F04F 020A       MOV              r2,#10      ; 
    6 00000004 F04F 0701       MOV              r7,#1       ; 
    7 00000008 F04F 0402       MOV              r4, #2      ;
    8 0000000C 42BA            CMP              r2, r7
    9 0000000E BF1A            ITTE             NE
   10 00000010 1BD2            SUBNE            r2,r2,r7    ;
   11 00000012 2200            MOVNE            r2,#0       ;
   12 00000014 1912            ADDEQ            r2,r2,r4    ;
   13 00000016 BF08 2400       MOVEQ            r4,#0       ;
   14 0000001A         
   15 0000001A         
   16 0000001A E7FE    stop    B                stop        ; stop program
   17 0000001C         
   18 0000001C                 ENDFUNC
   19 0000001C                 END
Command Line: --debug --xref --diag_suppress=9931 --cpu=Cortex-M4.fp.sp --apcs=
interwork --depend=.\objects\final.d -o.\objects\final.o -I.\RTE\_Target_1 -I"C
:\Users\Pratyush Nandi\AppData\Local\Arm\Packs\ARM\CMSIS\5.7.0\CMSIS\Core\Inclu
de" -I"C:\Users\Pratyush Nandi\AppData\Local\Arm\Packs\ARM\CMSIS\5.7.0\Device\A
RM\ARMCM4\Include" --predefine="__EVAL SETA 1" --predefine="__UVISION_VERSION S
ETA 531" --predefine="_RTE_ SETA 1" --predefine="ARMCM4_FP SETA 1" --predefine=
"_RTE_ SETA 1" --list=.\listings\final.lst final.s



ARM Macro Assembler    Page 1 Alphabetic symbol ordering
Relocatable symbols

__main 00000000

Symbol: __main
   Definitions
      At line 4 in file final.s
   Uses
      At line 2 in file final.s
Comment: __main used once
appcode 00000000

Symbol: appcode
   Definitions
      At line 1 in file final.s
   Uses
      None
Comment: appcode unused
stop 0000001A

Symbol: stop
   Definitions
      At line 16 in file final.s
   Uses
      At line 16 in file final.s
Comment: stop used once
3 symbols
338 symbols in table
